<?xml version="1.0" encoding="UTF-8"?>
<testsuite name="study.datajpa.DataJpaApplicationTests" tests="1" skipped="0" failures="0" errors="0" timestamp="2020-04-09T12:38:59" hostname="baghuiuui-MacBookPro.local" time="0.181">
  <properties/>
  <testcase name="contextLoads()" classname="study.datajpa.DataJpaApplicationTests" time="0.181"/>
  <system-out><![CDATA[21:38:57.203 [Test worker] DEBUG org.springframework.test.context.BootstrapUtils - Instantiating CacheAwareContextLoaderDelegate from class [org.springframework.test.context.cache.DefaultCacheAwareContextLoaderDelegate]
21:38:57.213 [Test worker] DEBUG org.springframework.test.context.BootstrapUtils - Instantiating BootstrapContext using constructor [public org.springframework.test.context.support.DefaultBootstrapContext(java.lang.Class,org.springframework.test.context.CacheAwareContextLoaderDelegate)]
21:38:57.236 [Test worker] DEBUG org.springframework.test.context.BootstrapUtils - Instantiating TestContextBootstrapper for test class [study.datajpa.DataJpaApplicationTests] from class [org.springframework.boot.test.context.SpringBootTestContextBootstrapper]
21:38:57.245 [Test worker] INFO org.springframework.boot.test.context.SpringBootTestContextBootstrapper - Neither @ContextConfiguration nor @ContextHierarchy found for test class [study.datajpa.DataJpaApplicationTests], using SpringBootContextLoader
21:38:57.248 [Test worker] DEBUG org.springframework.test.context.support.AbstractContextLoader - Did not detect default resource location for test class [study.datajpa.DataJpaApplicationTests]: class path resource [study/datajpa/DataJpaApplicationTests-context.xml] does not exist
21:38:57.249 [Test worker] DEBUG org.springframework.test.context.support.AbstractContextLoader - Did not detect default resource location for test class [study.datajpa.DataJpaApplicationTests]: class path resource [study/datajpa/DataJpaApplicationTestsContext.groovy] does not exist
21:38:57.249 [Test worker] INFO org.springframework.test.context.support.AbstractContextLoader - Could not detect default resource locations for test class [study.datajpa.DataJpaApplicationTests]: no resource found for suffixes {-context.xml, Context.groovy}.
21:38:57.249 [Test worker] INFO org.springframework.test.context.support.AnnotationConfigContextLoaderUtils - Could not detect default configuration classes for test class [study.datajpa.DataJpaApplicationTests]: DataJpaApplicationTests does not declare any static, non-private, non-final, nested classes annotated with @Configuration.
21:38:57.275 [Test worker] DEBUG org.springframework.test.context.support.ActiveProfilesUtils - Could not find an 'annotation declaring class' for annotation type [org.springframework.test.context.ActiveProfiles] and class [study.datajpa.DataJpaApplicationTests]
21:38:57.312 [Test worker] DEBUG org.springframework.context.annotation.ClassPathScanningCandidateComponentProvider - Identified candidate component class: file [/Users/parkhuiwoo/Desktop/study/data-jpa/build/classes/java/main/study/datajpa/DataJpaApplication.class]
21:38:57.313 [Test worker] INFO org.springframework.boot.test.context.SpringBootTestContextBootstrapper - Found @SpringBootConfiguration study.datajpa.DataJpaApplication for test class study.datajpa.DataJpaApplicationTests
21:38:57.386 [Test worker] DEBUG org.springframework.boot.test.context.SpringBootTestContextBootstrapper - @TestExecutionListeners is not present for class [study.datajpa.DataJpaApplicationTests]: using defaults.
21:38:57.386 [Test worker] INFO org.springframework.boot.test.context.SpringBootTestContextBootstrapper - Loaded default TestExecutionListener class names from location [META-INF/spring.factories]: [org.springframework.boot.test.autoconfigure.restdocs.RestDocsTestExecutionListener, org.springframework.boot.test.autoconfigure.web.client.MockRestServiceServerResetTestExecutionListener, org.springframework.boot.test.autoconfigure.web.servlet.MockMvcPrintOnlyOnFailureTestExecutionListener, org.springframework.boot.test.autoconfigure.web.servlet.WebDriverTestExecutionListener, org.springframework.boot.test.mock.mockito.MockitoTestExecutionListener, org.springframework.boot.test.mock.mockito.ResetMocksTestExecutionListener, org.springframework.test.context.web.ServletTestExecutionListener, org.springframework.test.context.support.DirtiesContextBeforeModesTestExecutionListener, org.springframework.test.context.support.DependencyInjectionTestExecutionListener, org.springframework.test.context.support.DirtiesContextTestExecutionListener, org.springframework.test.context.transaction.TransactionalTestExecutionListener, org.springframework.test.context.jdbc.SqlScriptsTestExecutionListener, org.springframework.test.context.event.EventPublishingTestExecutionListener]
21:38:57.399 [Test worker] INFO org.springframework.boot.test.context.SpringBootTestContextBootstrapper - Using TestExecutionListeners: [org.springframework.test.context.web.ServletTestExecutionListener@6ed4def0, org.springframework.test.context.support.DirtiesContextBeforeModesTestExecutionListener@6ea45e93, org.springframework.boot.test.mock.mockito.MockitoTestExecutionListener@6764d5a3, org.springframework.boot.test.autoconfigure.SpringBootDependencyInjectionTestExecutionListener@774f4a79, org.springframework.test.context.support.DirtiesContextTestExecutionListener@3fa4393e, org.springframework.test.context.transaction.TransactionalTestExecutionListener@73b8b89f, org.springframework.test.context.jdbc.SqlScriptsTestExecutionListener@3230a286, org.springframework.test.context.event.EventPublishingTestExecutionListener@3f212a3b, org.springframework.boot.test.autoconfigure.restdocs.RestDocsTestExecutionListener@21d29928, org.springframework.boot.test.autoconfigure.web.client.MockRestServiceServerResetTestExecutionListener@1798a1cd, org.springframework.boot.test.autoconfigure.web.servlet.MockMvcPrintOnlyOnFailureTestExecutionListener@208b152a, org.springframework.boot.test.autoconfigure.web.servlet.WebDriverTestExecutionListener@164d93f2, org.springframework.boot.test.mock.mockito.ResetMocksTestExecutionListener@23e343ca]
21:38:57.402 [Test worker] DEBUG org.springframework.test.context.support.AbstractDirtiesContextTestExecutionListener - Before test class: context [DefaultTestContext@7c9bb667 testClass = DataJpaApplicationTests, testInstance = [null], testMethod = [null], testException = [null], mergedContextConfiguration = [WebMergedContextConfiguration@591d3b74 testClass = DataJpaApplicationTests, locations = '{}', classes = '{class study.datajpa.DataJpaApplication}', contextInitializerClasses = '[]', activeProfiles = '{}', propertySourceLocations = '{}', propertySourceProperties = '{org.springframework.boot.test.context.SpringBootTestContextBootstrapper=true}', contextCustomizers = set[org.springframework.boot.test.autoconfigure.properties.PropertyMappingContextCustomizer@0, org.springframework.boot.test.autoconfigure.web.servlet.WebDriverContextCustomizerFactory$Customizer@3e5d29c, org.springframework.boot.test.context.filter.ExcludeFilterContextCustomizer@3a5e2a24, org.springframework.boot.test.json.DuplicateJsonObjectContextCustomizerFactory$DuplicateJsonObjectContextCustomizer@15d0b586, org.springframework.boot.test.mock.mockito.MockitoContextCustomizer@0, org.springframework.boot.test.web.client.TestRestTemplateContextCustomizer@7612e052], resourceBasePath = 'src/main/webapp', contextLoader = 'org.springframework.boot.test.context.SpringBootContextLoader', parent = [null]], attributes = map['org.springframework.test.context.web.ServletTestExecutionListener.activateListener' -> true]], class annotated with @DirtiesContext [false] with mode [null].
21:38:57.422 [Test worker] DEBUG org.springframework.test.context.support.TestPropertySourceUtils - Adding inlined properties to environment: {spring.jmx.enabled=false, org.springframework.boot.test.context.SpringBootTestContextBootstrapper=true, server.port=-1}

  .   ____          _            __ _ _
 /\\ / ___'_ __ _ _(_)_ __  __ _ \ \ \ \
( ( )\___ | '_ | '_| | '_ \/ _` | \ \ \ \
 \\/  ___)| |_)| | | | | || (_| |  ) ) ) )
  '  |____| .__|_| |_|_| |_\__, | / / / /
 =========|_|==============|___/=/_/_/_/
 :: Spring Boot ::        (v2.2.6.RELEASE)

2020-04-09 21:38:57.664  INFO 48104 --- [    Test worker] study.datajpa.DataJpaApplicationTests    : Starting DataJpaApplicationTests on baghuiuui-MacBookPro.local with PID 48104 (started by parkhuiwoo in /Users/parkhuiwoo/Desktop/study/data-jpa)
2020-04-09 21:38:57.665  INFO 48104 --- [    Test worker] study.datajpa.DataJpaApplicationTests    : No active profile set, falling back to default profiles: default
2020-04-09 21:38:58.087  INFO 48104 --- [    Test worker] .s.d.r.c.RepositoryConfigurationDelegate : Bootstrapping Spring Data JPA repositories in DEFAULT mode.
2020-04-09 21:38:58.101  INFO 48104 --- [    Test worker] .s.d.r.c.RepositoryConfigurationDelegate : Finished Spring Data repository scanning in 8ms. Found 0 JPA repository interfaces.
2020-04-09 21:38:58.485  INFO 48104 --- [    Test worker] com.zaxxer.hikari.HikariDataSource       : HikariPool-1 - Starting...
2020-04-09 21:38:58.630  INFO 48104 --- [    Test worker] com.zaxxer.hikari.HikariDataSource       : HikariPool-1 - Start completed.
2020-04-09 21:38:58.689  INFO 48104 --- [    Test worker] o.hibernate.jpa.internal.util.LogHelper  : HHH000204: Processing PersistenceUnitInfo [name: default]
2020-04-09 21:38:58.742  INFO 48104 --- [    Test worker] org.hibernate.Version                    : HHH000412: Hibernate ORM core version 5.4.12.Final
2020-04-09 21:38:58.852  INFO 48104 --- [    Test worker] o.hibernate.annotations.common.Version   : HCANN000001: Hibernate Commons Annotations {5.1.0.Final}
2020-04-09 21:38:58.946  INFO 48104 --- [    Test worker] org.hibernate.dialect.Dialect            : HHH000400: Using dialect: org.hibernate.dialect.H2Dialect
2020-04-09 21:38:59.151  INFO 48104 --- [    Test worker] o.h.e.t.j.p.i.JtaPlatformInitiator       : HHH000490: Using JtaPlatform implementation: [org.hibernate.engine.transaction.jta.platform.internal.NoJtaPlatform]
2020-04-09 21:38:59.157  INFO 48104 --- [    Test worker] j.LocalContainerEntityManagerFactoryBean : Initialized JPA EntityManagerFactory for persistence unit 'default'
2020-04-09 21:38:59.353  WARN 48104 --- [    Test worker] JpaBaseConfiguration$JpaWebConfiguration : spring.jpa.open-in-view is enabled by default. Therefore, database queries may be performed during view rendering. Explicitly configure spring.jpa.open-in-view to disable this warning
2020-04-09 21:38:59.517  INFO 48104 --- [    Test worker] o.s.s.concurrent.ThreadPoolTaskExecutor  : Initializing ExecutorService 'applicationTaskExecutor'
2020-04-09 21:38:59.734  INFO 48104 --- [    Test worker] study.datajpa.DataJpaApplicationTests    : Started DataJpaApplicationTests in 2.303 seconds (JVM running for 3.148)
]]></system-out>
  <system-err><![CDATA[]]></system-err>
</testsuite>
